<?xml version="1.0" encoding="UTF-8"?>
<!-- Generated by org.testng.reporters.JUnitXMLReporter -->
<testsuite hostname="DESKTOP-KGKUF1S" ignored="0" name="Command line test" tests="2" failures="1" timestamp="2021-07-07T23:39:40 IST" time="21.879" errors="0">
  <testcase name="invalidRegisterTest" time="5.069" classname="com.ys.qa.tests.RegisterPageTest"/>
  <testcase name="validRegisterTest" time="3.128" classname="com.ys.qa.tests.RegisterPageTest">
    <failure type="java.lang.AssertionError" message="both texts are equal expected [Your Account Has Been Created!] but found [Register Account]">
      <![CDATA[java.lang.AssertionError: both texts are equal expected [Your Account Has Been Created!] but found [Register Account]
at com.ys.qa.pages.RegisterPageActions.validRegisterNewAccount(RegisterPageActions.java:99)
at com.ys.qa.tests.RegisterPageTest.validRegisterTest(RegisterPageTest.java:29)
at java.util.ArrayList.forEach(ArrayList.java:1257)
... Removed 41 stack frames]]>
    </failure>
  </testcase> <!-- validRegisterTest -->
</testsuite> <!-- Command line test -->
