<?xml version="1.0" encoding="UTF-8"?>
<!-- Generated by org.testng.reporters.JUnitXMLReporter -->
<testsuite hostname="DESKTOP-KGKUF1S" ignored="0" name="YourStoreTestCases" tests="2" failures="1" timestamp="14 Jul 2021 15:42:05 GMT" time="26.766" errors="0">
  <testcase name="invalidRegisterTest" time="4.414" classname="com.ys.qa.tests.RegisterPageTest"/>
  <testcase name="validRegisterTest" time="3.112" classname="com.ys.qa.tests.RegisterPageTest">
    <failure type="java.lang.AssertionError" message="both texts are equal expected [Your Account Has Been Created!] but found [Register Account]">
      <![CDATA[java.lang.AssertionError: both texts are equal expected [Your Account Has Been Created!] but found [Register Account]
	at com.ys.qa.pages.RegisterPageActions.validRegisterNewAccount(RegisterPageActions.java:99)
	at com.ys.qa.tests.RegisterPageTest.validRegisterTest(RegisterPageTest.java:29)
... Removed 30 stack frames]]>
    </failure>
  </testcase> <!-- validRegisterTest -->
</testsuite> <!-- YourStoreTestCases -->
